<?xml version="1.0" encoding="UTF-8"?>
<testng-results ignored="0" total="2" passed="2" failed="0" skipped="0">
  <reporter-output>
  </reporter-output>
  <suite started-at="2021-10-18T10:15:44 CDT" name="Default suite" finished-at="2021-10-18T10:16:07 CDT" duration-ms="22337">
    <groups>
    </groups>
    <test started-at="2021-10-18T10:15:44 CDT" name="Default test" finished-at="2021-10-18T10:16:07 CDT" duration-ms="22337">
      <class name="DemoTest.DemoTest">
        <test-method is-config="true" signature="setUp()[pri:0, instance:DemoTest.DemoTest@33990a0c]" started-at="2021-10-18T10:15:44 CDT" name="setUp" finished-at="2021-10-18T10:15:46 CDT" duration-ms="1564" status="PASS">
          <reporter-output>
          </reporter-output>
        </test-method> <!-- setUp -->
        <test-method signature="flightTest(java.util.HashMap)[pri:0, instance:DemoTest.DemoTest@33990a0c]" started-at="2021-10-18T10:15:46 CDT" name="flightTest" data-provider="getData" finished-at="2021-10-18T10:15:59 CDT" duration-ms="12987" status="PASS">
          <params>
            <param index="0">
              <value>
                <![CDATA[{destination=HYD, origin2=BLR, destination2=SAG, origin=MAA}]]>
              </value>
            </param>
          </params>
          <reporter-output>
          </reporter-output>
        </test-method> <!-- flightTest -->
        <test-method signature="flightTest(java.util.HashMap)[pri:0, instance:DemoTest.DemoTest@33990a0c]" started-at="2021-10-18T10:15:59 CDT" name="flightTest" data-provider="getData" finished-at="2021-10-18T10:16:07 CDT" duration-ms="7460" status="PASS">
          <params>
            <param index="0">
              <value>
                <![CDATA[{destination=DEL, origin2=MAA, destination2=SAG, origin=HYD}]]>
              </value>
            </param>
          </params>
          <reporter-output>
          </reporter-output>
        </test-method> <!-- flightTest -->
        <test-method is-config="true" signature="tearDown()[pri:0, instance:DemoTest.DemoTest@33990a0c]" started-at="2021-10-18T10:16:07 CDT" name="tearDown" finished-at="2021-10-18T10:16:07 CDT" duration-ms="82" status="PASS">
          <reporter-output>
          </reporter-output>
        </test-method> <!-- tearDown -->
      </class> <!-- DemoTest.DemoTest -->
    </test> <!-- Default test -->
  </suite> <!-- Default suite -->
</testng-results>
